{"level":"info","TimeUTC":"2020-09-01T02:03:41Z","caller":"websocket/websocket.go:139","msg":"OUTGOING MESSAGE","sessionID":"b015b1ad-e5f0-41e9-8561-26ea147f28e3","ChLen":0,"message":"[1,\"YJsa4wLQBNYjGWhoerNJvtrh\",\"hostAccount\"]"}
{"level":"info","TimeUTC":"2020-09-01T02:03:41Z","caller":"websocket/websocket.go:139","msg":"OUTGOING MESSAGE","sessionID":"b015b1ad-e5f0-41e9-8561-26ea147f28e3","ChLen":0,"message":"[0,\"YJsa4wLQBNYjGWhoerNJvtrh\",\"hostAccount\",{\"op\":\"authKeyExpires\",\"args\":[\"YJsa4wLQBNYjGWhoerNJvtrh\",1598926233,\"cec099a2d98cb654ea3025b7e13eda95b480b2c36f4c111f4c5672fe01aa3a03\"]}]"}
{"level":"info","TimeUTC":"2020-09-01T02:03:41Z","caller":"websocket/websocket.go:139","msg":"OUTGOING MESSAGE","sessionID":"b015b1ad-e5f0-41e9-8561-26ea147f28e3","ChLen":0,"message":"[2,\"YJsa4wLQBNYjGWhoerNJvtrh\",\"hostAccount\"]"}
{"level":"info","TimeUTC":"2020-09-01T02:03:44Z","caller":"websocket/websocket.go:139","msg":"OUTGOING MESSAGE","sessionID":"b015b1ad-e5f0-41e9-8561-26ea147f28e3","ChLen":0,"message":"[1,\"YJsa4wLQBNYjGWhoerNJvtrh\",\"hostAccount\"]"}
{"level":"info","TimeUTC":"2020-09-01T02:03:44Z","caller":"websocket/websocket.go:139","msg":"OUTGOING MESSAGE","sessionID":"b015b1ad-e5f0-41e9-8561-26ea147f28e3","ChLen":0,"message":"[0,\"YJsa4wLQBNYjGWhoerNJvtrh\",\"hostAccount\",{\"op\":\"authKeyExpires\",\"args\":[\"YJsa4wLQBNYjGWhoerNJvtrh\",1598926236,\"acc896eaaeae7f00a3cf958661d6fe6dc0405fbb921587b5c60a5825e3a27707\"]}]"}
{"level":"info","TimeUTC":"2020-09-01T02:03:44Z","caller":"websocket/websocket.go:139","msg":"OUTGOING MESSAGE","sessionID":"b015b1ad-e5f0-41e9-8561-26ea147f28e3","ChLen":0,"message":"[0,\"YJsa4wLQBNYjGWhoerNJvtrh\",\"hostAccount\",{\"op\":\"subscribe\",\"args\":[\"order\",\"position\",\"margin\"]}]"}
{"level":"info","TimeUTC":"2020-09-01T02:03:44Z","caller":"websocket/websocket.go:139","msg":"OUTGOING MESSAGE","sessionID":"b015b1ad-e5f0-41e9-8561-26ea147f28e3","ChLen":0,"message":"[1,\"ZnqyDwzyhHKmBYu7pndpjKac\",\"\"]"}
{"level":"info","TimeUTC":"2020-09-01T02:03:44Z","caller":"websocket/websocket.go:139","msg":"OUTGOING MESSAGE","sessionID":"b015b1ad-e5f0-41e9-8561-26ea147f28e3","ChLen":1,"message":"[0,\"ZnqyDwzyhHKmBYu7pndpjKac\",\"\",{\"op\":\"authKeyExpires\",\"args\":[\"ZnqyDwzyhHKmBYu7pndpjKac\",1598926236,\"21d952a2949cf8d601aa84b241717e7c8c4e2eb85738f6207186d0402ddf5c01\"]}]"}
{"level":"info","TimeUTC":"2020-09-01T02:03:44Z","caller":"websocket/websocket.go:139","msg":"OUTGOING MESSAGE","sessionID":"b015b1ad-e5f0-41e9-8561-26ea147f28e3","ChLen":0,"message":"[0,\"ZnqyDwzyhHKmBYu7pndpjKac\",\"\",{\"op\":\"subscribe\",\"args\":[\"order\",\"position\",\"margin\"]}]"}
{"level":"info","TimeUTC":"2020-09-01T02:03:51Z","caller":"websocket/websocket.go:139","msg":"OUTGOING MESSAGE","sessionID":"b015b1ad-e5f0-41e9-8561-26ea147f28e3","ChLen":0,"message":"[1,\"YJsa4wLQBNYjGWhoerNJvtrh\",\"hostAccount\"]"}
{"level":"info","TimeUTC":"2020-09-01T02:03:51Z","caller":"websocket/websocket.go:139","msg":"OUTGOING MESSAGE","sessionID":"b015b1ad-e5f0-41e9-8561-26ea147f28e3","ChLen":0,"message":"[0,\"YJsa4wLQBNYjGWhoerNJvtrh\",\"hostAccount\",{\"op\":\"authKeyExpires\",\"args\":[\"YJsa4wLQBNYjGWhoerNJvtrh\",1598926243,\"11df3bb04086746fb3c1e4f33ae16940abea5d98f8dea2c351321d7d9852cd7f\"]}]"}
{"level":"info","TimeUTC":"2020-09-01T02:03:51Z","caller":"websocket/websocket.go:139","msg":"OUTGOING MESSAGE","sessionID":"b015b1ad-e5f0-41e9-8561-26ea147f28e3","ChLen":0,"message":"[0,\"YJsa4wLQBNYjGWhoerNJvtrh\",\"hostAccount\",{\"op\":\"subscribe\",\"args\":[\"order\",\"position\",\"margin\"]}]"}
{"level":"info","TimeUTC":"2020-09-01T02:03:51Z","caller":"websocket/websocket.go:139","msg":"OUTGOING MESSAGE","sessionID":"b015b1ad-e5f0-41e9-8561-26ea147f28e3","ChLen":1,"message":"[1,\"ZnqyDwzyhHKmBYu7pndpjKac\",\"\"]"}
{"level":"info","TimeUTC":"2020-09-01T02:03:51Z","caller":"websocket/websocket.go:139","msg":"OUTGOING MESSAGE","sessionID":"b015b1ad-e5f0-41e9-8561-26ea147f28e3","ChLen":1,"message":"[0,\"ZnqyDwzyhHKmBYu7pndpjKac\",\"\",{\"op\":\"authKeyExpires\",\"args\":[\"ZnqyDwzyhHKmBYu7pndpjKac\",1598926243,\"867b54ef2d4b92b2109be17308eb3dfd53fb645c6c9b2bf070f1e1cec6a8ea04\"]}]"}
{"level":"info","TimeUTC":"2020-09-01T02:03:51Z","caller":"websocket/websocket.go:139","msg":"OUTGOING MESSAGE","sessionID":"b015b1ad-e5f0-41e9-8561-26ea147f28e3","ChLen":0,"message":"[0,\"ZnqyDwzyhHKmBYu7pndpjKac\",\"\",{\"op\":\"subscribe\",\"args\":[\"order\",\"position\",\"margin\"]}]"}
{"level":"info","TimeUTC":"2020-09-01T02:08:03Z","caller":"websocket/websocket.go:139","msg":"OUTGOING MESSAGE","sessionID":"8a4c261b-0fa6-4ab6-950e-876e351ce828","ChLen":0,"message":"[1,\"YJsa4wLQBNYjGWhoerNJvtrh\",\"hostAccount\"]"}
{"level":"info","TimeUTC":"2020-09-01T02:08:03Z","caller":"websocket/websocket.go:139","msg":"OUTGOING MESSAGE","sessionID":"8a4c261b-0fa6-4ab6-950e-876e351ce828","ChLen":0,"message":"[1,\"YJsa4wLQBNYjGWhoerNJvtrh\",\"hostAccount\"]"}
{"level":"info","TimeUTC":"2020-09-01T02:08:03Z","caller":"websocket/websocket.go:139","msg":"OUTGOING MESSAGE","sessionID":"8a4c261b-0fa6-4ab6-950e-876e351ce828","ChLen":0,"message":"[0,\"YJsa4wLQBNYjGWhoerNJvtrh\",\"hostAccount\",{\"op\":\"authKeyExpires\",\"args\":[\"YJsa4wLQBNYjGWhoerNJvtrh\",1598926495,\"a2e2b1a46745ba1385a73410324cb7427101f70049834541ae05f978ced5506c\"]}]"}
{"level":"info","TimeUTC":"2020-09-01T02:08:03Z","caller":"websocket/websocket.go:139","msg":"OUTGOING MESSAGE","sessionID":"8a4c261b-0fa6-4ab6-950e-876e351ce828","ChLen":0,"message":"[0,\"YJsa4wLQBNYjGWhoerNJvtrh\",\"hostAccount\",{\"op\":\"subscribe\",\"args\":[\"order\",\"position\",\"margin\"]}]"}
{"level":"info","TimeUTC":"2020-09-01T02:08:03Z","caller":"websocket/websocket.go:139","msg":"OUTGOING MESSAGE","sessionID":"8a4c261b-0fa6-4ab6-950e-876e351ce828","ChLen":1,"message":"[1,\"ZnqyDwzyhHKmBYu7pndpjKac\",\"\"]"}
{"level":"info","TimeUTC":"2020-09-01T02:08:03Z","caller":"websocket/websocket.go:139","msg":"OUTGOING MESSAGE","sessionID":"8a4c261b-0fa6-4ab6-950e-876e351ce828","ChLen":1,"message":"[0,\"ZnqyDwzyhHKmBYu7pndpjKac\",\"\",{\"op\":\"authKeyExpires\",\"args\":[\"ZnqyDwzyhHKmBYu7pndpjKac\",1598926495,\"8309ccec112c15d7d43ccd4f3e4d8cad254d47de4d4b8b652879bb756064a9cd\"]}]"}
{"level":"info","TimeUTC":"2020-09-01T02:08:03Z","caller":"websocket/websocket.go:139","msg":"OUTGOING MESSAGE","sessionID":"8a4c261b-0fa6-4ab6-950e-876e351ce828","ChLen":0,"message":"[0,\"ZnqyDwzyhHKmBYu7pndpjKac\",\"\",{\"op\":\"subscribe\",\"args\":[\"order\",\"position\",\"margin\"]}]"}
{"level":"info","TimeUTC":"2020-09-01T02:09:59Z","caller":"websocket/websocket.go:139","msg":"OUTGOING MESSAGE","sessionID":"8a4c261b-0fa6-4ab6-950e-876e351ce828","ChLen":1,"message":"[2,\"YJsa4wLQBNYjGWhoerNJvtrh\",\"hostAccount\"]"}
{"level":"info","TimeUTC":"2020-09-01T02:10:01Z","caller":"websocket/websocket.go:139","msg":"OUTGOING MESSAGE","sessionID":"8a4c261b-0fa6-4ab6-950e-876e351ce828","ChLen":0,"message":"[1,\"YJsa4wLQBNYjGWhoerNJvtrh\",\"hostAccount\"]"}
{"level":"info","TimeUTC":"2020-09-01T02:10:01Z","caller":"websocket/websocket.go:139","msg":"OUTGOING MESSAGE","sessionID":"8a4c261b-0fa6-4ab6-950e-876e351ce828","ChLen":0,"message":"[0,\"YJsa4wLQBNYjGWhoerNJvtrh\",\"hostAccount\",{\"op\":\"authKeyExpires\",\"args\":[\"YJsa4wLQBNYjGWhoerNJvtrh\",1598926613,\"9f2cd80df1a118654e5ff95cc9650aa779d9ad7cbd38bd733ad949c163477b5e\"]}]"}
{"level":"info","TimeUTC":"2020-09-01T02:10:01Z","caller":"websocket/websocket.go:139","msg":"OUTGOING MESSAGE","sessionID":"8a4c261b-0fa6-4ab6-950e-876e351ce828","ChLen":0,"message":"[0,\"YJsa4wLQBNYjGWhoerNJvtrh\",\"hostAccount\",{\"op\":\"subscribe\",\"args\":[\"order\",\"position\",\"margin\"]}]"}
{"level":"info","TimeUTC":"2020-09-01T02:10:01Z","caller":"websocket/websocket.go:139","msg":"OUTGOING MESSAGE","sessionID":"8a4c261b-0fa6-4ab6-950e-876e351ce828","ChLen":2,"message":"[1,\"ZnqyDwzyhHKmBYu7pndpjKac\",\"\"]"}
{"level":"info","TimeUTC":"2020-09-01T02:10:01Z","caller":"websocket/websocket.go:139","msg":"OUTGOING MESSAGE","sessionID":"8a4c261b-0fa6-4ab6-950e-876e351ce828","ChLen":1,"message":"[0,\"ZnqyDwzyhHKmBYu7pndpjKac\",\"\",{\"op\":\"authKeyExpires\",\"args\":[\"ZnqyDwzyhHKmBYu7pndpjKac\",1598926613,\"630087ca29e725d10ed45d8a0a165653d99191f49672b8d96555910b041d5b73\"]}]"}
{"level":"info","TimeUTC":"2020-09-01T02:10:01Z","caller":"websocket/websocket.go:139","msg":"OUTGOING MESSAGE","sessionID":"8a4c261b-0fa6-4ab6-950e-876e351ce828","ChLen":0,"message":"[0,\"ZnqyDwzyhHKmBYu7pndpjKac\",\"\",{\"op\":\"subscribe\",\"args\":[\"order\",\"position\",\"margin\"]}]"}
{"level":"info","TimeUTC":"2020-09-01T02:19:18Z","caller":"websocket/websocket.go:139","msg":"OUTGOING MESSAGE","sessionID":"f92884b6-b554-41ef-9456-8f3c6ca0d75b","ChLen":0,"message":"[1,\"YJsa4wLQBNYjGWhoerNJvtrh\",\"hostAccount\"]"}
{"level":"info","TimeUTC":"2020-09-01T02:19:18Z","caller":"websocket/websocket.go:139","msg":"OUTGOING MESSAGE","sessionID":"f92884b6-b554-41ef-9456-8f3c6ca0d75b","ChLen":0,"message":"[0,\"YJsa4wLQBNYjGWhoerNJvtrh\",\"hostAccount\",{\"op\":\"authKeyExpires\",\"args\":[\"YJsa4wLQBNYjGWhoerNJvtrh\",1598927170,\"262572b98bcf95443aa6594a5591832945f261ef7f11b8fadffb5071cdcd95e0\"]}]"}
{"level":"info","TimeUTC":"2020-09-01T02:19:18Z","caller":"websocket/websocket.go:139","msg":"OUTGOING MESSAGE","sessionID":"f92884b6-b554-41ef-9456-8f3c6ca0d75b","ChLen":0,"message":"[0,\"YJsa4wLQBNYjGWhoerNJvtrh\",\"hostAccount\",{\"op\":\"subscribe\",\"args\":[\"order\",\"position\",\"margin\"]}]"}
{"level":"info","TimeUTC":"2020-09-01T02:19:18Z","caller":"websocket/websocket.go:139","msg":"OUTGOING MESSAGE","sessionID":"f92884b6-b554-41ef-9456-8f3c6ca0d75b","ChLen":0,"message":"[1,\"ZnqyDwzyhHKmBYu7pndpjKac\",\"\"]"}
{"level":"info","TimeUTC":"2020-09-01T02:19:18Z","caller":"websocket/websocket.go:139","msg":"OUTGOING MESSAGE","sessionID":"f92884b6-b554-41ef-9456-8f3c6ca0d75b","ChLen":1,"message":"[0,\"ZnqyDwzyhHKmBYu7pndpjKac\",\"\",{\"op\":\"authKeyExpires\",\"args\":[\"ZnqyDwzyhHKmBYu7pndpjKac\",1598927170,\"1e36317a7a698c9821412c08916c7330ad1eba430ee29472dcd0632f2b1484bd\"]}]"}
{"level":"info","TimeUTC":"2020-09-01T02:19:18Z","caller":"websocket/websocket.go:139","msg":"OUTGOING MESSAGE","sessionID":"f92884b6-b554-41ef-9456-8f3c6ca0d75b","ChLen":0,"message":"[0,\"ZnqyDwzyhHKmBYu7pndpjKac\",\"\",{\"op\":\"subscribe\",\"args\":[\"order\",\"position\",\"margin\"]}]"}
{"level":"info","TimeUTC":"2020-09-25T01:43:00Z","caller":"websocket/websocket.go:285","msg":"OUTGOING MESSAGE","sessionID":"048b54c0-eae5-4ecb-a75b-6eeebc3ec165","ChLen":0,"message":"[1,\"KprVFL_v63F3Q2aLgXGnMUMH\",\"hostAccount\"]"}
{"level":"info","TimeUTC":"2020-09-25T01:43:00Z","caller":"websocket/websocket.go:285","msg":"OUTGOING MESSAGE","sessionID":"048b54c0-eae5-4ecb-a75b-6eeebc3ec165","ChLen":0,"message":"[0,\"KprVFL_v63F3Q2aLgXGnMUMH\",\"hostAccount\",{\"op\":\"authKeyExpires\",\"args\":[\"KprVFL_v63F3Q2aLgXGnMUMH\",1600998592,\"512f65d1f2d3ac74c2be6724df8c18360c282c868eeb9eca203f9897246115bf\"]}]"}
{"level":"info","TimeUTC":"2020-09-25T01:43:00Z","caller":"websocket/websocket.go:285","msg":"OUTGOING MESSAGE","sessionID":"048b54c0-eae5-4ecb-a75b-6eeebc3ec165","ChLen":3,"message":"[1,\"flqc_dl52OnBlkrHZUBylrlQ\",\"\"]"}
{"level":"info","TimeUTC":"2020-09-25T01:43:00Z","caller":"websocket/websocket.go:285","msg":"OUTGOING MESSAGE","sessionID":"048b54c0-eae5-4ecb-a75b-6eeebc3ec165","ChLen":3,"message":"[0,\"flqc_dl52OnBlkrHZUBylrlQ\",\"\",{\"op\":\"authKeyExpires\",\"args\":[\"flqc_dl52OnBlkrHZUBylrlQ\",1600998592,\"142123eb2eaf52c6c235c6b8b3b64a3e7d334e1f1a01e6d3a35dd95842ac50e4\"]}]"}
{"level":"info","TimeUTC":"2020-09-25T01:43:00Z","caller":"websocket/websocket.go:285","msg":"OUTGOING MESSAGE","sessionID":"048b54c0-eae5-4ecb-a75b-6eeebc3ec165","ChLen":2,"message":"[1,\"flqc_dl52OnBlkrHZUBylrlQ\",\"\"]"}
{"level":"info","TimeUTC":"2020-09-25T01:43:00Z","caller":"websocket/websocket.go:285","msg":"OUTGOING MESSAGE","sessionID":"048b54c0-eae5-4ecb-a75b-6eeebc3ec165","ChLen":1,"message":"[0,\"flqc_dl52OnBlkrHZUBylrlQ\",\"\",{\"op\":\"authKeyExpires\",\"args\":[\"flqc_dl52OnBlkrHZUBylrlQ\",1600998592,\"142123eb2eaf52c6c235c6b8b3b64a3e7d334e1f1a01e6d3a35dd95842ac50e4\"]}]"}
{"level":"info","TimeUTC":"2020-09-25T01:43:00Z","caller":"websocket/websocket.go:285","msg":"OUTGOING MESSAGE","sessionID":"048b54c0-eae5-4ecb-a75b-6eeebc3ec165","ChLen":0,"message":"[0,\"KprVFL_v63F3Q2aLgXGnMUMH\",\"hostAccount\",{\"op\":\"subscribe\",\"args\":[\"order\",\"position\",\"margin\"]}]"}
{"level":"info","TimeUTC":"2020-09-25T01:43:00Z","caller":"websocket/websocket.go:285","msg":"OUTGOING MESSAGE","sessionID":"048b54c0-eae5-4ecb-a75b-6eeebc3ec165","ChLen":1,"message":"[0,\"flqc_dl52OnBlkrHZUBylrlQ\",\"\",{\"op\":\"subscribe\",\"args\":[\"order\",\"position\",\"margin\"]}]"}
{"level":"info","TimeUTC":"2020-09-25T01:43:00Z","caller":"websocket/websocket.go:285","msg":"OUTGOING MESSAGE","sessionID":"048b54c0-eae5-4ecb-a75b-6eeebc3ec165","ChLen":0,"message":"[0,\"flqc_dl52OnBlkrHZUBylrlQ\",\"\",{\"op\":\"subscribe\",\"args\":[\"order\",\"position\",\"margin\"]}]"}
{"level":"info","TimeUTC":"2020-09-25T01:43:13Z","caller":"websocket/websocket.go:285","msg":"OUTGOING MESSAGE","sessionID":"d9636ddd-ec2e-44be-883a-831e060f6a50","ChLen":0,"message":"[1,\"KprVFL_v63F3Q2aLgXGnMUMH\",\"hostAccount\"]"}
{"level":"info","TimeUTC":"2020-09-25T01:43:13Z","caller":"websocket/websocket.go:285","msg":"OUTGOING MESSAGE","sessionID":"d9636ddd-ec2e-44be-883a-831e060f6a50","ChLen":2,"message":"[0,\"KprVFL_v63F3Q2aLgXGnMUMH\",\"hostAccount\",{\"op\":\"authKeyExpires\",\"args\":[\"KprVFL_v63F3Q2aLgXGnMUMH\",1600998605,\"d4c8b1bd57a41a18d854bff140bf97b9b1c22a1c78d1c75b8f38b1818a06091b\"]}]"}
{"level":"info","TimeUTC":"2020-09-25T01:43:13Z","caller":"websocket/websocket.go:285","msg":"OUTGOING MESSAGE","sessionID":"d9636ddd-ec2e-44be-883a-831e060f6a50","ChLen":1,"message":"[1,\"flqc_dl52OnBlkrHZUBylrlQ\",\"\"]"}
{"level":"info","TimeUTC":"2020-09-25T01:43:13Z","caller":"websocket/websocket.go:285","msg":"OUTGOING MESSAGE","sessionID":"d9636ddd-ec2e-44be-883a-831e060f6a50","ChLen":2,"message":"[0,\"flqc_dl52OnBlkrHZUBylrlQ\",\"\",{\"op\":\"authKeyExpires\",\"args\":[\"flqc_dl52OnBlkrHZUBylrlQ\",1600998605,\"d07a85faec6013e9cfd90775244924af3fb9c29d351f442fe44845d172ed52b3\"]}]"}
{"level":"info","TimeUTC":"2020-09-25T01:43:13Z","caller":"websocket/websocket.go:285","msg":"OUTGOING MESSAGE","sessionID":"d9636ddd-ec2e-44be-883a-831e060f6a50","ChLen":2,"message":"[1,\"flqc_dl52OnBlkrHZUBylrlQ\",\"\"]"}
{"level":"info","TimeUTC":"2020-09-25T01:43:13Z","caller":"websocket/websocket.go:285","msg":"OUTGOING MESSAGE","sessionID":"d9636ddd-ec2e-44be-883a-831e060f6a50","ChLen":1,"message":"[0,\"flqc_dl52OnBlkrHZUBylrlQ\",\"\",{\"op\":\"authKeyExpires\",\"args\":[\"flqc_dl52OnBlkrHZUBylrlQ\",1600998605,\"d07a85faec6013e9cfd90775244924af3fb9c29d351f442fe44845d172ed52b3\"]}]"}
{"level":"info","TimeUTC":"2020-09-25T01:43:13Z","caller":"websocket/websocket.go:285","msg":"OUTGOING MESSAGE","sessionID":"d9636ddd-ec2e-44be-883a-831e060f6a50","ChLen":0,"message":"[0,\"KprVFL_v63F3Q2aLgXGnMUMH\",\"hostAccount\",{\"op\":\"subscribe\",\"args\":[\"order\",\"position\",\"margin\"]}]"}
{"level":"info","TimeUTC":"2020-09-25T01:43:13Z","caller":"websocket/websocket.go:285","msg":"OUTGOING MESSAGE","sessionID":"d9636ddd-ec2e-44be-883a-831e060f6a50","ChLen":1,"message":"[0,\"flqc_dl52OnBlkrHZUBylrlQ\",\"\",{\"op\":\"subscribe\",\"args\":[\"order\",\"position\",\"margin\"]}]"}
{"level":"info","TimeUTC":"2020-09-25T01:43:13Z","caller":"websocket/websocket.go:285","msg":"OUTGOING MESSAGE","sessionID":"d9636ddd-ec2e-44be-883a-831e060f6a50","ChLen":0,"message":"[0,\"flqc_dl52OnBlkrHZUBylrlQ\",\"\",{\"op\":\"subscribe\",\"args\":[\"order\",\"position\",\"margin\"]}]"}
{"level":"info","TimeUTC":"2020-09-25T01:57:01Z","caller":"websocket/websocket.go:139","msg":"OUTGOING MESSAGE","sessionID":"e9687a91-a87b-4322-a3e5-ac18f35571af","ChLen":0,"message":"[1,\"YJsa4wLQBNYjGWhoerNJvtrh\",\"hostAccount\"]"}
{"level":"info","TimeUTC":"2020-09-25T01:57:01Z","caller":"websocket/websocket.go:139","msg":"OUTGOING MESSAGE","sessionID":"e9687a91-a87b-4322-a3e5-ac18f35571af","ChLen":0,"message":"[0,\"YJsa4wLQBNYjGWhoerNJvtrh\",\"hostAccount\",{\"op\":\"authKeyExpires\",\"args\":[\"YJsa4wLQBNYjGWhoerNJvtrh\",1600999433,\"c8abb44f9387284b062519b19d11d38595ea9e606878edc54ff1fa7e5953e1d3\"]}]"}
{"level":"info","TimeUTC":"2020-09-25T01:57:01Z","caller":"websocket/websocket.go:139","msg":"OUTGOING MESSAGE","sessionID":"e9687a91-a87b-4322-a3e5-ac18f35571af","ChLen":0,"message":"[0,\"YJsa4wLQBNYjGWhoerNJvtrh\",\"hostAccount\",{\"op\":\"subscribe\",\"args\":[\"order\",\"position\",\"margin\"]}]"}
{"level":"info","TimeUTC":"2020-09-25T01:57:01Z","caller":"websocket/websocket.go:139","msg":"OUTGOING MESSAGE","sessionID":"e9687a91-a87b-4322-a3e5-ac18f35571af","ChLen":1,"message":"[1,\"ZnqyDwzyhHKmBYu7pndpjKac\",\"\"]"}
{"level":"info","TimeUTC":"2020-09-25T01:57:01Z","caller":"websocket/websocket.go:139","msg":"OUTGOING MESSAGE","sessionID":"e9687a91-a87b-4322-a3e5-ac18f35571af","ChLen":1,"message":"[0,\"ZnqyDwzyhHKmBYu7pndpjKac\",\"\",{\"op\":\"authKeyExpires\",\"args\":[\"ZnqyDwzyhHKmBYu7pndpjKac\",1600999433,\"bd0fc2dec7e4575150a35638598468786bf8d0055bf44f43241068aa0fff92c4\"]}]"}
{"level":"info","TimeUTC":"2020-09-25T01:57:01Z","caller":"websocket/websocket.go:139","msg":"OUTGOING MESSAGE","sessionID":"e9687a91-a87b-4322-a3e5-ac18f35571af","ChLen":0,"message":"[0,\"ZnqyDwzyhHKmBYu7pndpjKac\",\"\",{\"op\":\"subscribe\",\"args\":[\"order\",\"position\",\"margin\"]}]"}
{"level":"info","TimeUTC":"2020-09-25T01:58:23Z","caller":"websocket/websocket.go:139","msg":"OUTGOING MESSAGE","sessionID":"2bc53a16-881e-4b96-8800-0b3a78151901","ChLen":0,"message":"[1,\"YJsa4wLQBNYjGWhoerNJvtrh\",\"hostAccount\"]"}
{"level":"info","TimeUTC":"2020-09-25T01:58:23Z","caller":"websocket/websocket.go:139","msg":"OUTGOING MESSAGE","sessionID":"2bc53a16-881e-4b96-8800-0b3a78151901","ChLen":0,"message":"[0,\"YJsa4wLQBNYjGWhoerNJvtrh\",\"hostAccount\",{\"op\":\"authKeyExpires\",\"args\":[\"YJsa4wLQBNYjGWhoerNJvtrh\",1600999515,\"0791fc8e7364bf3beed0a9dab417b28c436896d58a507cf5adb4fc5591960a0e\"]}]"}
{"level":"info","TimeUTC":"2020-09-25T01:58:23Z","caller":"websocket/websocket.go:139","msg":"OUTGOING MESSAGE","sessionID":"2bc53a16-881e-4b96-8800-0b3a78151901","ChLen":0,"message":"[0,\"YJsa4wLQBNYjGWhoerNJvtrh\",\"hostAccount\",{\"op\":\"subscribe\",\"args\":[\"order\",\"position\",\"margin\"]}]"}
{"level":"info","TimeUTC":"2020-09-25T01:58:23Z","caller":"websocket/websocket.go:139","msg":"OUTGOING MESSAGE","sessionID":"2bc53a16-881e-4b96-8800-0b3a78151901","ChLen":1,"message":"[1,\"ZnqyDwzyhHKmBYu7pndpjKac\",\"\"]"}
{"level":"info","TimeUTC":"2020-09-25T01:58:23Z","caller":"websocket/websocket.go:139","msg":"OUTGOING MESSAGE","sessionID":"2bc53a16-881e-4b96-8800-0b3a78151901","ChLen":1,"message":"[0,\"ZnqyDwzyhHKmBYu7pndpjKac\",\"\",{\"op\":\"authKeyExpires\",\"args\":[\"ZnqyDwzyhHKmBYu7pndpjKac\",1600999515,\"efa918b7701e370acb53749aacef058efa3b109059ccf749a8b3143f670bcc2a\"]}]"}
{"level":"info","TimeUTC":"2020-09-25T01:58:23Z","caller":"websocket/websocket.go:139","msg":"OUTGOING MESSAGE","sessionID":"2bc53a16-881e-4b96-8800-0b3a78151901","ChLen":0,"message":"[0,\"ZnqyDwzyhHKmBYu7pndpjKac\",\"\",{\"op\":\"subscribe\",\"args\":[\"order\",\"position\",\"margin\"]}]"}
